<?xml version="1.0" encoding="UTF-8"?>
<!-- Generated by org.testng.reporters.JUnitReportReporter -->
<testsuite hostname="DESKTOP-A0CUSVH" failures="0" tests="1" name="com.datgiacdau.testcases.SignlnTest" time="4.627" errors="0" timestamp="2023-07-12T00:57:46 ICT" skipped="0">
  <testcase classname="com.datgiacdau.testcases.SignlnTest" name="signIn2" time="4.627"/>
  <system-out/>
</testsuite> <!-- com.datgiacdau.testcases.SignlnTest -->
